INFO     ‚ÑπÔ∏è:polymap.nonortho.main:orthogonalize_dom:11 | {'name': 'balcony_0'} | Resolving non-ortho on
         balcony_0                                                                                    
DEBUG    üêû:polymap.nonortho.dot:get_aligned_vector:27 | {'name': 'balcony_0'} | vector to align: <0, 
         1.128449082166398, 0> | result: <0.0, 1.128449082166398, 0.0>                                
DEBUG    üêû:polymap.nonortho.dot:get_aligned_vector:27 | {'name': 'balcony_0'} | vector to align:     
         <2.95818789952825, -0.017322473370355418, 0> | result: <2.95818789952825, 0.0, 0.0>          
DEBUG    üêû:polymap.nonortho.dot:get_aligned_vector:27 | {'name': 'balcony_0'} | vector to align: <0, 
         -1.1111266087960443, 0> | result: <0.0, -1.1111266087960443, 0.0>                            
DEBUG    üêû:polymap.nonortho.dot:get_aligned_vector:27 | {'name': 'balcony_0'} | vector to align:     
         <-2.9581878995282533, 0, 0> | result: <-2.9581878995282533, 0.0, 0.0>                        
INFO     ‚ÑπÔ∏è:polymap.nonortho.main:orthogonalize_dom:19 | {'name': 'balcony_0'} | Finished resolving    
         non-ortho on balcony_0                                                                       
                                                                                                      
INFO     ‚ÑπÔ∏è:polymap.nonortho.main:orthogonalize_dom:11 | {'name': 'room_1'} | Resolving non-ortho on   
         room_1                                                                                       
DEBUG    üêû:polymap.nonortho.dot:get_aligned_vector:27 | {'name': 'room_1'} | vector to align: <0,    
         5.201188753205604, 0> | result: <0.0, 5.201188753205604, 0.0>                                
DEBUG    üêû:polymap.nonortho.dot:get_aligned_vector:27 | {'name': 'room_1'} | vector to align:        
         <3.867598858711693, 0, 0> | result: <3.867598858711693, 0.0, 0.0>                            
DEBUG    üêû:polymap.nonortho.dot:get_aligned_vector:27 | {'name': 'room_1'} | vector to align: <0,    
         -5.223836529652774, 0> | result: <0.0, -5.223836529652774, 0.0>                              
DEBUG    üêû:polymap.nonortho.dot:get_aligned_vector:27 | {'name': 'room_1'} | vector to align:        
         <-3.867598858711693, 0.022647776447174195, 0> | result: <-3.867598858711693, 0.0, 0.0>       
INFO     ‚ÑπÔ∏è:polymap.nonortho.main:orthogonalize_dom:19 | {'name': 'room_1'} | Finished resolving       
         non-ortho on room_1                                                                          
                                                                                                      
INFO     ‚ÑπÔ∏è:polymap.nonortho.main:orthogonalize_dom:11 | {'name': 'balcony_2'} | Resolving non-ortho on
         balcony_2                                                                                    
DEBUG    üêû:polymap.nonortho.dot:get_aligned_vector:27 | {'name': 'balcony_2'} | vector to align:     
         <0.032670172054563906, 0.17072201786320562, 0> | result: <0.0, 0.17072201786320562, 0.0>     
DEBUG    üêû:polymap.nonortho.dot:get_aligned_vector:27 | {'name': 'balcony_2'} | vector to align:     
         <0.07481397037630089, 0.14388888473734696, 0> | result: <0.0, 0.14388888473734696, 0.0>      
DEBUG    üêû:polymap.nonortho.dot:get_aligned_vector:27 | {'name': 'balcony_2'} | vector to align:     
         <0.07683260661949287, 0.09222892513065162, 0> | result: <0.0, 0.09222892513065162, 0.0>      
DEBUG    üêû:polymap.nonortho.dot:get_aligned_vector:27 | {'name': 'balcony_2'} | vector to align:     
         <0.10169101264340163, 0.08185909994331197, 0> | result: <0.10169101264340163, 0.0, 0.0>      
DEBUG    üêû:polymap.nonortho.dot:get_aligned_vector:27 | {'name': 'balcony_2'} | vector to align:     
         <0.11489282227772435, 0.05133372819095605, 0> | result: <0.11489282227772435, 0.0, 0.0>      
DEBUG    üêû:polymap.nonortho.dot:get_aligned_vector:27 | {'name': 'balcony_2'} | vector to align:     
         <0.154433709295148, 0.02830756917174604, 0> | result: <0.154433709295148, 0.0, 0.0>          
DEBUG    üêû:polymap.nonortho.dot:get_aligned_vector:27 | {'name': 'balcony_2'} | vector to align:     
         <0.17578863757405871, -0.03500930242561395, 0> | result: <0.17578863757405871, 0.0, 0.0>     
DEBUG    üêû:polymap.nonortho.dot:get_aligned_vector:27 | {'name': 'balcony_2'} | vector to align:     
         <0.10495058839387061, -0.04992468175360365, 0> | result: <0.10495058839387061, 0.0, 0.0>     
DEBUG    üêû:polymap.nonortho.dot:get_aligned_vector:27 | {'name': 'balcony_2'} | vector to align:     
         <0.12037124022422185, -0.10868259217234133, 0> | result: <0.12037124022422185, 0.0, 0.0>     
DEBUG    üêû:polymap.nonortho.dot:get_aligned_vector:27 | {'name': 'balcony_2'} | vector to align:     
         <0.06987191605718168, -0.09760809094129641, 0> | result: <0.0, -0.09760809094129641, 0.0>    
DEBUG    üêû:polymap.nonortho.dot:get_aligned_vector:27 | {'name': 'balcony_2'} | vector to align:     
         <0.05356832527843913, -0.1190479265792952, 0> | result: <0.0, -0.1190479265792952, 0.0>      
DEBUG    üêû:polymap.nonortho.dot:get_aligned_vector:27 | {'name': 'balcony_2'} | vector to align:     
         <0.02070026181780804, -0.12412498306786546, 0> | result: <0.0, -0.12412498306786546, 0.0>    
DEBUG    üêû:polymap.nonortho.dot:get_aligned_vector:27 | {'name': 'balcony_2'} | vector to align:     
         <-0.01362053929663265, -0.18459805770316606, 0> | result: <0.0, -0.18459805770316606, 0.0>   
DEBUG    üêû:polymap.nonortho.dot:get_aligned_vector:27 | {'name': 'balcony_2'} | vector to align:     
         <-1.0655446211734034, 0, 0> | result: <-1.0655446211734034, 0.0, 0.0>                        
DEBUG    üêû:polymap.nonortho.dot:get_aligned_vector:27 | {'name': 'balcony_2'} | vector to align:     
         <-0.0214201021421756, 0.1506554096059638, 0> | result: <0.0, 0.1506554096059638, 0.0>        
ERROR    ‚ùå:polymap.geometry.modify.validate:message:37 | {'name': 'balcony_2'} | balcony_2 is        
         invalid! Reason: NOT ORTHOGONAL                                                              
ERROR    ‚ùå:polymap.geometry.modify.validate:message:37 | {} | balcony_2 is invalid! Reason: NOT      
         ORTHOGONAL                                                                                   
Traceback (most recent call last):
  File "/Users/julietnwagwuume-ezeoke/_UILCode/gqe-phd/fpopt/studies2/msd2/.venv/lib/python3.13/site-packages/polymap/nonortho/main.py", line 16, in orthogonalize_dom
    assert new_dom.is_orthogonal
           ^^^^^^^^^^^^^^^^^^^^^
AssertionError

During handling of the above exception, another exception occurred:

Traceback (most recent call last):
  File "/Users/julietnwagwuume-ezeoke/_UILCode/gqe-phd/fpopt/studies2/msd2/.venv/lib/python3.13/site-packages/polymap/cli/make/main.py", line 52, in ortho
    layout = orthogonalize_layout(in_layout)
  File "/Users/julietnwagwuume-ezeoke/_UILCode/gqe-phd/fpopt/studies2/msd2/.venv/lib/python3.13/site-packages/polymap/nonortho/main.py", line 28, in orthogonalize_layout
    return Layout(list(new_doms))
                  ~~~~^^^^^^^^^^
  File "/Users/julietnwagwuume-ezeoke/_UILCode/gqe-phd/fpopt/studies2/msd2/.venv/lib/python3.13/site-packages/polymap/nonortho/main.py", line 27, in <lambda>
    new_doms = map(lambda x: orthogonalize_dom(x), layout.domains)
                             ~~~~~~~~~~~~~~~~~^^^
  File "/Users/julietnwagwuume-ezeoke/_UILCode/gqe-phd/fpopt/studies2/msd2/.venv/lib/python3.13/site-packages/polymap/nonortho/main.py", line 18, in orthogonalize_dom
    raise InvalidPolygonError(new_dom.polygon, dom.name, "NOT ORTHOGONAL")
polymap.geometry.modify.validate.InvalidPolygonError: (<POLYGON ((-2.25 9.05, -2.217 9.194, -2.143 9.286, -1.964 9.286, -1.849 9.36...>, 'balcony_2', 'NOT ORTHOGONAL')

During handling of the above exception, another exception occurred:

Traceback (most recent call last):
  File "/Users/julietnwagwuume-ezeoke/_UILCode/gqe-phd/fpopt/studies2/msd2/.venv/bin/polymap", line 10, in <module>
    sys.exit(main())
             ~~~~^^
  File "/Users/julietnwagwuume-ezeoke/_UILCode/gqe-phd/fpopt/studies2/msd2/.venv/lib/python3.13/site-packages/polymap/cli/main.py", line 22, in main
    app()
    ~~~^^
  File "/Users/julietnwagwuume-ezeoke/_UILCode/gqe-phd/fpopt/studies2/msd2/.venv/lib/python3.13/site-packages/cyclopts/core.py", line 1869, in __call__
    result = _run_maybe_async_command(command, bound, resolved_backend)
  File "/Users/julietnwagwuume-ezeoke/_UILCode/gqe-phd/fpopt/studies2/msd2/.venv/lib/python3.13/site-packages/cyclopts/_run.py", line 50, in _run_maybe_async_command
    return command(*bound.args, **bound.kwargs)
  File "/Users/julietnwagwuume-ezeoke/_UILCode/gqe-phd/fpopt/studies2/msd2/.venv/lib/python3.13/site-packages/polymap/cli/make/main.py", line 57, in ortho
    raise RuntimeError(
        "Could not orthogonalize the layout due to at least one polygon being non-orthogonalizable"
    )
RuntimeError: Could not orthogonalize the layout due to at least one polygon being non-orthogonalizable
