INFO     ‚ÑπÔ∏è:polymap.nonortho.main:orthogonalize_dom:11 | {'name': 'bathroom_0'} | Resolving non-ortho  
         on bathroom_0                                                                                
DEBUG    üêû:polymap.nonortho.dot:get_aligned_vector:27 | {'name': 'bathroom_0'} | vector to align:    
         <0.5505075782896642, 0.7922383542833993, 0> | result: <0.0, 0.7922383542833993, 0.0>         
DEBUG    üêû:polymap.nonortho.dot:get_aligned_vector:27 | {'name': 'bathroom_0'} | vector to align:    
         <0.002299121620851885, -0.0016243496369359178, 0> | result: <0.002299121620851885, 0.0, 0.0> 
DEBUG    üêû:polymap.nonortho.dot:get_aligned_vector:27 | {'name': 'bathroom_0'} | vector to align:    
         <0.1877137781037015, 0.2656920628152366, 0> | result: <0.0, 0.2656920628152366, 0.0>         
DEBUG    üêû:polymap.nonortho.dot:get_aligned_vector:27 | {'name': 'bathroom_0'} | vector to align:    
         <0.8143010354238323, -0.5753108401264551, 0> | result: <0.8143010354238323, 0.0, 0.0>        
DEBUG    üêû:polymap.nonortho.dot:get_aligned_vector:27 | {'name': 'bathroom_0'} | vector to align:    
         <-0.7483141257844319, -1.0769027982145931, 0> | result: <0.0, -1.0769027982145931, 0.0>      
DEBUG    üêû:polymap.nonortho.dot:get_aligned_vector:27 | {'name': 'bathroom_0'} | vector to align:    
         <-0.8061000446419371, -0.14651465383769713, 0> | result: <-0.8061000446419371, 0.0, 0.0>     
DEBUG    üêû:polymap.nonortho.dot:get_aligned_vector:27 | {'name': 'bathroom_0'} | vector to align:    
         <-0.00040734301168088294, 0.7424222247170453, 0> | result: <0.0, 0.7424222247170453, 0.0>    
ERROR    ‚ùå:polymap.geometry.modify.validate:message:37 | {'name': 'bathroom_0'} | bathroom_0 is      
         invalid! Reason: NOT ORTHOGONAL                                                              
ERROR    ‚ùå:polymap.geometry.modify.validate:message:37 | {} | bathroom_0 is invalid! Reason: NOT     
         ORTHOGONAL                                                                                   
Traceback (most recent call last):
  File "/Users/julietnwagwuume-ezeoke/_UILCode/gqe-phd/fpopt/studies2/msd2/.venv/lib/python3.13/site-packages/polymap/nonortho/main.py", line 16, in orthogonalize_dom
    assert new_dom.is_orthogonal
           ^^^^^^^^^^^^^^^^^^^^^
AssertionError

During handling of the above exception, another exception occurred:

Traceback (most recent call last):
  File "/Users/julietnwagwuume-ezeoke/_UILCode/gqe-phd/fpopt/studies2/msd2/.venv/lib/python3.13/site-packages/polymap/cli/make/main.py", line 52, in ortho
    layout = orthogonalize_layout(in_layout)
  File "/Users/julietnwagwuume-ezeoke/_UILCode/gqe-phd/fpopt/studies2/msd2/.venv/lib/python3.13/site-packages/polymap/nonortho/main.py", line 28, in orthogonalize_layout
    return Layout(list(new_doms))
                  ~~~~^^^^^^^^^^
  File "/Users/julietnwagwuume-ezeoke/_UILCode/gqe-phd/fpopt/studies2/msd2/.venv/lib/python3.13/site-packages/polymap/nonortho/main.py", line 27, in <lambda>
    new_doms = map(lambda x: orthogonalize_dom(x), layout.domains)
                             ~~~~~~~~~~~~~~~~~^^^
  File "/Users/julietnwagwuume-ezeoke/_UILCode/gqe-phd/fpopt/studies2/msd2/.venv/lib/python3.13/site-packages/polymap/nonortho/main.py", line 18, in orthogonalize_dom
    raise InvalidPolygonError(new_dom.polygon, dom.name, "NOT ORTHOGONAL")
polymap.geometry.modify.validate.InvalidPolygonError: (<POLYGON ((-3.621 3.526, -3.068 3.526, -3.068 3.79, -2.066 3.79, -2.066 2.13...>, 'bathroom_0', 'NOT ORTHOGONAL')

During handling of the above exception, another exception occurred:

Traceback (most recent call last):
  File "/Users/julietnwagwuume-ezeoke/_UILCode/gqe-phd/fpopt/studies2/msd2/.venv/bin/polymap", line 10, in <module>
    sys.exit(main())
             ~~~~^^
  File "/Users/julietnwagwuume-ezeoke/_UILCode/gqe-phd/fpopt/studies2/msd2/.venv/lib/python3.13/site-packages/polymap/cli/main.py", line 22, in main
    app()
    ~~~^^
  File "/Users/julietnwagwuume-ezeoke/_UILCode/gqe-phd/fpopt/studies2/msd2/.venv/lib/python3.13/site-packages/cyclopts/core.py", line 1869, in __call__
    result = _run_maybe_async_command(command, bound, resolved_backend)
  File "/Users/julietnwagwuume-ezeoke/_UILCode/gqe-phd/fpopt/studies2/msd2/.venv/lib/python3.13/site-packages/cyclopts/_run.py", line 50, in _run_maybe_async_command
    return command(*bound.args, **bound.kwargs)
  File "/Users/julietnwagwuume-ezeoke/_UILCode/gqe-phd/fpopt/studies2/msd2/.venv/lib/python3.13/site-packages/polymap/cli/make/main.py", line 57, in ortho
    raise RuntimeError(
        "Could not orthogonalize the layout due to at least one polygon being non-orthogonalizable"
    )
RuntimeError: Could not orthogonalize the layout due to at least one polygon being non-orthogonalizable
